{
  "RSpec": {
    "coverage": {
      "/Users/jiangl/sqaure-test/app/helpers/application_helper.rb": {
        "lines": [
          1,
          null
        ]
      },
      "/Users/jiangl/sqaure-test/app/helpers/orders_helper.rb": {
        "lines": [
          1,
          null
        ]
      },
      "/Users/jiangl/sqaure-test/app/helpers/square_connectors_helper.rb": {
        "lines": [
          1,
          null
        ]
      },
      "/Users/jiangl/sqaure-test/app/controllers/square_connectors_controller.rb": {
        "lines": [
          1,
          1,
          1,
          1,
          0,
          null,
          null,
          1,
          null,
          null,
          1,
          0,
          null,
          null,
          1,
          null,
          null,
          1,
          2,
          2,
          2,
          4,
          2,
          null,
          0,
          0,
          null,
          null,
          null,
          null,
          null,
          1,
          0,
          0,
          0,
          0,
          null,
          0,
          0,
          null,
          null,
          null,
          null,
          null,
          1,
          0,
          null,
          0,
          0,
          0,
          null,
          null,
          null,
          1,
          1,
          null,
          1,
          1,
          1,
          2,
          null,
          null,
          0,
          0,
          null,
          null,
          null,
          null,
          null,
          1,
          null,
          1,
          0,
          null,
          null,
          1,
          1,
          null,
          null,
          null,
          1,
          2,
          null,
          null
        ]
      },
      "/Users/jiangl/sqaure-test/app/controllers/application_controller.rb": {
        "lines": [
          1,
          null
        ]
      },
      "/Users/jiangl/sqaure-test/app/models/square_connector.rb": {
        "lines": [
          1,
          null,
          1,
          null,
          0,
          0,
          0,
          null,
          null,
          null,
          null,
          null,
          1,
          0,
          null,
          null,
          1,
          0,
          null,
          null
        ]
      },
      "/Users/jiangl/sqaure-test/app/models/application_record.rb": {
        "lines": [
          1,
          1,
          null
        ]
      },
      "/Users/jiangl/sqaure-test/app/services/square_service.rb": {
        "lines": [
          1,
          1,
          1,
          1,
          null,
          null,
          1,
          null,
          1,
          1,
          1,
          1,
          null,
          null,
          null,
          null,
          null,
          null,
          null,
          null,
          1,
          1,
          null,
          null,
          1,
          null,
          1,
          null,
          null,
          null,
          null,
          null,
          null
        ]
      }
    },
    "timestamp": 1689174875
  }
}
